0 info it worked if it ends with ok
1 verbose cli [ '/usr/local/Cellar/node/6.7.0/bin/node',
1 verbose cli   '/usr/local/bin/npm',
1 verbose cli   'run',
1 verbose cli   'dev-frontend' ]
2 info using npm@3.10.7
3 info using node@v6.7.0
4 verbose run-script [ 'predev-frontend', 'dev-frontend', 'postdev-frontend' ]
5 info lifecycle kom-inn@1.0.0~predev-frontend: kom-inn@1.0.0
6 silly lifecycle kom-inn@1.0.0~predev-frontend: no script for predev-frontend, continuing
7 info lifecycle kom-inn@1.0.0~dev-frontend: kom-inn@1.0.0
8 verbose lifecycle kom-inn@1.0.0~dev-frontend: unsafe-perm in lifecycle true
9 verbose lifecycle kom-inn@1.0.0~dev-frontend: PATH: /usr/local/lib/node_modules/npm/bin/node-gyp-bin:/Users/singulse/development/techfugees/kom-inn/node_modules/.bin:/usr/local/Cellar/node/6.7.0/bin:/usr/local/bin:/usr/bin:/bin:/usr/sbin:/sbin:/usr/local/ec2/ec2-api-tools-1.7.5.1/bin:/usr/local/m-cli
10 verbose lifecycle kom-inn@1.0.0~dev-frontend: CWD: /Users/singulse/development/techfugees/kom-inn
11 silly lifecycle kom-inn@1.0.0~dev-frontend: Args: [ '-c',
11 silly lifecycle   'NODE_ENV=development webpack-dev-server --host 0.0.0.0' ]
12 silly lifecycle kom-inn@1.0.0~dev-frontend: Returned: code: 1  signal: null
13 info lifecycle kom-inn@1.0.0~dev-frontend: Failed to exec dev-frontend script
14 verbose stack Error: kom-inn@1.0.0 dev-frontend: `NODE_ENV=development webpack-dev-server --host 0.0.0.0`
14 verbose stack Exit status 1
14 verbose stack     at EventEmitter.<anonymous> (/usr/local/lib/node_modules/npm/lib/utils/lifecycle.js:255:16)
14 verbose stack     at emitTwo (events.js:106:13)
14 verbose stack     at EventEmitter.emit (events.js:191:7)
14 verbose stack     at ChildProcess.<anonymous> (/usr/local/lib/node_modules/npm/lib/utils/spawn.js:40:14)
14 verbose stack     at emitTwo (events.js:106:13)
14 verbose stack     at ChildProcess.emit (events.js:191:7)
14 verbose stack     at maybeClose (internal/child_process.js:877:16)
14 verbose stack     at Process.ChildProcess._handle.onexit (internal/child_process.js:226:5)
15 verbose pkgid kom-inn@1.0.0
16 verbose cwd /Users/singulse/development/techfugees/kom-inn
17 error Darwin 14.5.0
18 error argv "/usr/local/Cellar/node/6.7.0/bin/node" "/usr/local/bin/npm" "run" "dev-frontend"
19 error node v6.7.0
20 error npm  v3.10.7
21 error code ELIFECYCLE
22 error kom-inn@1.0.0 dev-frontend: `NODE_ENV=development webpack-dev-server --host 0.0.0.0`
22 error Exit status 1
23 error Failed at the kom-inn@1.0.0 dev-frontend script 'NODE_ENV=development webpack-dev-server --host 0.0.0.0'.
23 error Make sure you have the latest version of node.js and npm installed.
23 error If you do, this is most likely a problem with the kom-inn package,
23 error not with npm itself.
23 error Tell the author that this fails on your system:
23 error     NODE_ENV=development webpack-dev-server --host 0.0.0.0
23 error You can get information on how to open an issue for this project with:
23 error     npm bugs kom-inn
23 error Or if that isn't available, you can get their info via:
23 error     npm owner ls kom-inn
23 error There is likely additional logging output above.
24 verbose exit [ 1, true ]
